<?xml version="1.0" encoding="UTF-8" ?>
<testsuite tests="9" failures="0" name="org.apache.ftpserver.ssl.MinaExplicitSSLTest" time="0.094" errors="9" skipped="0">
  <properties>
[...]
</properties>
  <testcase classname="org.apache.ftpserver.ssl.MinaExplicitSSLTest" name="testCommandChannel" time="0.009">
    <error message="No appropriate protocol (protocol is disabled or cipher suites are inappropriate)" type="javax.net.ssl.SSLHandshakeException">javax.net.ssl.SSLHandshakeException: No appropriate protocol (protocol is disabled or cipher suites are inappropriate)
	at sun.security.ssl.Handshaker.activate(Handshaker.java:503)
	at sun.security.ssl.SSLSocketImpl.kickstartHandshake(SSLSocketImpl.java:1492)
	at sun.security.ssl.SSLSocketImpl.performInitialHandshake(SSLSocketImpl.java:1361)
	at sun.security.ssl.SSLSocketImpl.startHandshake(SSLSocketImpl.java:1413)
	at sun.security.ssl.SSLSocketImpl.startHandshake(SSLSocketImpl.java:1397)
	at org.apache.commons.net.ftp.FTPSClient.sslNegotiation(FTPSClient.java:240)
	at org.apache.commons.net.ftp.FTPSClient._connectAction_(FTPSClient.java:171)
	at org.apache.commons.net.SocketClient.connect(SocketClient.java:178)
	at org.apache.ftpserver.clienttests.ClientTestTemplate.doConnect(ClientTestTemplate.java:191)
	at org.apache.ftpserver.clienttests.ClientTestTemplate.connectClient(ClientTestTemplate.java:185)
	at org.apache.ftpserver.clienttests.ClientTestTemplate.setUp(ClientTestTemplate.java:127)
	at org.apache.ftpserver.ssl.ExplicitSecurityTestTemplate.setUp(ExplicitSecurityTestTemplate.java:45)
	at junit.framework.TestCase.runBare(TestCase.java:132)
	at junit.framework.TestResult$1.protect(TestResult.java:110)
	at junit.framework.TestResult.runProtected(TestResult.java:128)
	at junit.framework.TestResult.run(TestResult.java:113)
	at junit.framework.TestCase.run(TestCase.java:124)
	at junit.framework.TestSuite.runTest(TestSuite.java:243)
	at junit.framework.TestSuite.run(TestSuite.java:238)
	at org.junit.internal.runners.JUnit38ClassRunner.run(JUnit38ClassRunner.java:83)
	at org.apache.maven.surefire.junit4.JUnit4TestSet.execute(JUnit4TestSet.java:53)
	at org.apache.maven.surefire.junit4.JUnit4Provider.executeTestSet(JUnit4Provider.java:119)
	at org.apache.maven.surefire.junit4.JUnit4Provider.invoke(JUnit4Provider.java:101)
	at sun.reflect.NativeMethodAccessorImpl.invoke0(Native Method)
	at sun.reflect.NativeMethodAccessorImpl.invoke(NativeMethodAccessorImpl.java:62)
	at sun.reflect.DelegatingMethodAccessorImpl.invoke(DelegatingMethodAccessorImpl.java:43)
	at java.lang.reflect.Method.invoke(Method.java:498)
	at org.apache.maven.surefire.booter.ProviderFactory$ClassLoaderProxy.invoke(ProviderFactory.java:103)
	at com.sun.proxy.$Proxy0.invoke(Unknown Source)
	at org.apache.maven.surefire.booter.SurefireStarter.invokeProvider(SurefireStarter.java:150)
	at org.apache.maven.surefire.booter.SurefireStarter.runSuitesInProcess(SurefireStarter.java:91)
	at org.apache.maven.surefire.booter.ForkedBooter.main(ForkedBooter.java:69)
</error>
  </testcase>
  <testcase classname="org.apache.ftpserver.ssl.MinaExplicitSSLTest" name="testReissueAuth" time="0.01">
    <error message="No appropriate protocol (protocol is disabled or cipher suites are inappropriate)" type="javax.net.ssl.SSLHandshakeException">javax.net.ssl.SSLHandshakeException: No appropriate protocol (protocol is disabled or cipher suites are inappropriate)
	at sun.security.ssl.Handshaker.activate(Handshaker.java:503)
	at sun.security.ssl.SSLSocketImpl.kickstartHandshake(SSLSocketImpl.java:1492)
	at sun.security.ssl.SSLSocketImpl.performInitialHandshake(SSLSocketImpl.java:1361)
	at sun.security.ssl.SSLSocketImpl.startHandshake(SSLSocketImpl.java:1413)
	at sun.security.ssl.SSLSocketImpl.startHandshake(SSLSocketImpl.java:1397)
	at org.apache.commons.net.ftp.FTPSClient.sslNegotiation(FTPSClient.java:240)
	at org.apache.commons.net.ftp.FTPSClient._connectAction_(FTPSClient.java:171)
	at org.apache.commons.net.SocketClient.connect(SocketClient.java:178)
	at org.apache.ftpserver.clienttests.ClientTestTemplate.doConnect(ClientTestTemplate.java:191)
	at org.apache.ftpserver.clienttests.ClientTestTemplate.connectClient(ClientTestTemplate.java:185)
	at org.apache.ftpserver.clienttests.ClientTestTemplate.setUp(ClientTestTemplate.java:127)
	at org.apache.ftpserver.ssl.ExplicitSecurityTestTemplate.setUp(ExplicitSecurityTestTemplate.java:45)
	at junit.framework.TestCase.runBare(TestCase.java:132)
	at junit.framework.TestResult$1.protect(TestResult.java:110)
	at junit.framework.TestResult.runProtected(TestResult.java:128)
	at junit.framework.TestResult.run(TestResult.java:113)
	at junit.framework.TestCase.run(TestCase.java:124)
	at junit.framework.TestSuite.runTest(TestSuite.java:243)
	at junit.framework.TestSuite.run(TestSuite.java:238)
	at org.junit.internal.runners.JUnit38ClassRunner.run(JUnit38ClassRunner.java:83)
	at org.apache.maven.surefire.junit4.JUnit4TestSet.execute(JUnit4TestSet.java:53)
	at org.apache.maven.surefire.junit4.JUnit4Provider.executeTestSet(JUnit4Provider.java:119)
	at org.apache.maven.surefire.junit4.JUnit4Provider.invoke(JUnit4Provider.java:101)
	at sun.reflect.NativeMethodAccessorImpl.invoke0(Native Method)
	at sun.reflect.NativeMethodAccessorImpl.invoke(NativeMethodAccessorImpl.java:62)
	at sun.reflect.DelegatingMethodAccessorImpl.invoke(DelegatingMethodAccessorImpl.java:43)
	at java.lang.reflect.Method.invoke(Method.java:498)
	at org.apache.maven.surefire.booter.ProviderFactory$ClassLoaderProxy.invoke(ProviderFactory.java:103)
	at com.sun.proxy.$Proxy0.invoke(Unknown Source)
	at org.apache.maven.surefire.booter.SurefireStarter.invokeProvider(SurefireStarter.java:150)
	at org.apache.maven.surefire.booter.SurefireStarter.runSuitesInProcess(SurefireStarter.java:91)
	at org.apache.maven.surefire.booter.ForkedBooter.main(ForkedBooter.java:69)
</error>
  </testcase>
  <testcase classname="org.apache.ftpserver.ssl.MinaExplicitSSLTest" name="testIsSecure" time="0.01">
    <error message="No appropriate protocol (protocol is disabled or cipher suites are inappropriate)" type="javax.net.ssl.SSLHandshakeException">javax.net.ssl.SSLHandshakeException: No appropriate protocol (protocol is disabled or cipher suites are inappropriate)
	at sun.security.ssl.Handshaker.activate(Handshaker.java:503)
	at sun.security.ssl.SSLSocketImpl.kickstartHandshake(SSLSocketImpl.java:1492)
	at sun.security.ssl.SSLSocketImpl.performInitialHandshake(SSLSocketImpl.java:1361)
	at sun.security.ssl.SSLSocketImpl.startHandshake(SSLSocketImpl.java:1413)
	at sun.security.ssl.SSLSocketImpl.startHandshake(SSLSocketImpl.java:1397)
	at org.apache.commons.net.ftp.FTPSClient.sslNegotiation(FTPSClient.java:240)
	at org.apache.commons.net.ftp.FTPSClient._connectAction_(FTPSClient.java:171)
	at org.apache.commons.net.SocketClient.connect(SocketClient.java:178)
	at org.apache.ftpserver.clienttests.ClientTestTemplate.doConnect(ClientTestTemplate.java:191)
	at org.apache.ftpserver.clienttests.ClientTestTemplate.connectClient(ClientTestTemplate.java:185)
	at org.apache.ftpserver.clienttests.ClientTestTemplate.setUp(ClientTestTemplate.java:127)
	at org.apache.ftpserver.ssl.ExplicitSecurityTestTemplate.setUp(ExplicitSecurityTestTemplate.java:45)
	at junit.framework.TestCase.runBare(TestCase.java:132)
	at junit.framework.TestResult$1.protect(TestResult.java:110)
	at junit.framework.TestResult.runProtected(TestResult.java:128)
	at junit.framework.TestResult.run(TestResult.java:113)
	at junit.framework.TestCase.run(TestCase.java:124)
	at junit.framework.TestSuite.runTest(TestSuite.java:243)
	at junit.framework.TestSuite.run(TestSuite.java:238)
	at org.junit.internal.runners.JUnit38ClassRunner.run(JUnit38ClassRunner.java:83)
	at org.apache.maven.surefire.junit4.JUnit4TestSet.execute(JUnit4TestSet.java:53)
	at org.apache.maven.surefire.junit4.JUnit4Provider.executeTestSet(JUnit4Provider.java:119)
	at org.apache.maven.surefire.junit4.JUnit4Provider.invoke(JUnit4Provider.java:101)
	at sun.reflect.NativeMethodAccessorImpl.invoke0(Native Method)
	at sun.reflect.NativeMethodAccessorImpl.invoke(NativeMethodAccessorImpl.java:62)
	at sun.reflect.DelegatingMethodAccessorImpl.invoke(DelegatingMethodAccessorImpl.java:43)
	at java.lang.reflect.Method.invoke(Method.java:498)
	at org.apache.maven.surefire.booter.ProviderFactory$ClassLoaderProxy.invoke(ProviderFactory.java:103)
	at com.sun.proxy.$Proxy0.invoke(Unknown Source)
	at org.apache.maven.surefire.booter.SurefireStarter.invokeProvider(SurefireStarter.java:150)
	at org.apache.maven.surefire.booter.SurefireStarter.runSuitesInProcess(SurefireStarter.java:91)
	at org.apache.maven.surefire.booter.ForkedBooter.main(ForkedBooter.java:69)
</error>
  </testcase>
  <testcase classname="org.apache.ftpserver.ssl.MinaExplicitSSLTest" name="testStoreWithProtPInPassiveMode" time="0.013">
    <error message="No appropriate protocol (protocol is disabled or cipher suites are inappropriate)" type="javax.net.ssl.SSLHandshakeException">javax.net.ssl.SSLHandshakeException: No appropriate protocol (protocol is disabled or cipher suites are inappropriate)
	at sun.security.ssl.Handshaker.activate(Handshaker.java:503)
	at sun.security.ssl.SSLSocketImpl.kickstartHandshake(SSLSocketImpl.java:1492)
	at sun.security.ssl.SSLSocketImpl.performInitialHandshake(SSLSocketImpl.java:1361)
	at sun.security.ssl.SSLSocketImpl.startHandshake(SSLSocketImpl.java:1413)
	at sun.security.ssl.SSLSocketImpl.startHandshake(SSLSocketImpl.java:1397)
	at org.apache.commons.net.ftp.FTPSClient.sslNegotiation(FTPSClient.java:240)
	at org.apache.commons.net.ftp.FTPSClient._connectAction_(FTPSClient.java:171)
	at org.apache.commons.net.SocketClient.connect(SocketClient.java:178)
	at org.apache.ftpserver.clienttests.ClientTestTemplate.doConnect(ClientTestTemplate.java:191)
	at org.apache.ftpserver.clienttests.ClientTestTemplate.connectClient(ClientTestTemplate.java:185)
	at org.apache.ftpserver.clienttests.ClientTestTemplate.setUp(ClientTestTemplate.java:127)
	at org.apache.ftpserver.ssl.ExplicitSecurityTestTemplate.setUp(ExplicitSecurityTestTemplate.java:45)
	at junit.framework.TestCase.runBare(TestCase.java:132)
	at junit.framework.TestResult$1.protect(TestResult.java:110)
	at junit.framework.TestResult.runProtected(TestResult.java:128)
	at junit.framework.TestResult.run(TestResult.java:113)
	at junit.framework.TestCase.run(TestCase.java:124)
	at junit.framework.TestSuite.runTest(TestSuite.java:243)
	at junit.framework.TestSuite.run(TestSuite.java:238)
	at org.junit.internal.runners.JUnit38ClassRunner.run(JUnit38ClassRunner.java:83)
	at org.apache.maven.surefire.junit4.JUnit4TestSet.execute(JUnit4TestSet.java:53)
	at org.apache.maven.surefire.junit4.JUnit4Provider.executeTestSet(JUnit4Provider.java:119)
	at org.apache.maven.surefire.junit4.JUnit4Provider.invoke(JUnit4Provider.java:101)
	at sun.reflect.NativeMethodAccessorImpl.invoke0(Native Method)
	at sun.reflect.NativeMethodAccessorImpl.invoke(NativeMethodAccessorImpl.java:62)
	at sun.reflect.DelegatingMethodAccessorImpl.invoke(DelegatingMethodAccessorImpl.java:43)
	at java.lang.reflect.Method.invoke(Method.java:498)
	at org.apache.maven.surefire.booter.ProviderFactory$ClassLoaderProxy.invoke(ProviderFactory.java:103)
	at com.sun.proxy.$Proxy0.invoke(Unknown Source)
	at org.apache.maven.surefire.booter.SurefireStarter.invokeProvider(SurefireStarter.java:150)
	at org.apache.maven.surefire.booter.SurefireStarter.runSuitesInProcess(SurefireStarter.java:91)
	at org.apache.maven.surefire.booter.ForkedBooter.main(ForkedBooter.java:69)
</error>
  </testcase>
  <testcase classname="org.apache.ftpserver.ssl.MinaExplicitSSLTest" name="testStoreWithProtPAndReturnToProtCInPassiveMode" time="0.008">
    <error message="No appropriate protocol (protocol is disabled or cipher suites are inappropriate)" type="javax.net.ssl.SSLHandshakeException">javax.net.ssl.SSLHandshakeException: No appropriate protocol (protocol is disabled or cipher suites are inappropriate)
	at sun.security.ssl.Handshaker.activate(Handshaker.java:503)
	at sun.security.ssl.SSLSocketImpl.kickstartHandshake(SSLSocketImpl.java:1492)
	at sun.security.ssl.SSLSocketImpl.performInitialHandshake(SSLSocketImpl.java:1361)
	at sun.security.ssl.SSLSocketImpl.startHandshake(SSLSocketImpl.java:1413)
	at sun.security.ssl.SSLSocketImpl.startHandshake(SSLSocketImpl.java:1397)
	at org.apache.commons.net.ftp.FTPSClient.sslNegotiation(FTPSClient.java:240)
	at org.apache.commons.net.ftp.FTPSClient._connectAction_(FTPSClient.java:171)
	at org.apache.commons.net.SocketClient.connect(SocketClient.java:178)
	at org.apache.ftpserver.clienttests.ClientTestTemplate.doConnect(ClientTestTemplate.java:191)
	at org.apache.ftpserver.clienttests.ClientTestTemplate.connectClient(ClientTestTemplate.java:185)
	at org.apache.ftpserver.clienttests.ClientTestTemplate.setUp(ClientTestTemplate.java:127)
	at org.apache.ftpserver.ssl.ExplicitSecurityTestTemplate.setUp(ExplicitSecurityTestTemplate.java:45)
	at junit.framework.TestCase.runBare(TestCase.java:132)
	at junit.framework.TestResult$1.protect(TestResult.java:110)
	at junit.framework.TestResult.runProtected(TestResult.java:128)
	at junit.framework.TestResult.run(TestResult.java:113)
	at junit.framework.TestCase.run(TestCase.java:124)
	at junit.framework.TestSuite.runTest(TestSuite.java:243)
	at junit.framework.TestSuite.run(TestSuite.java:238)
	at org.junit.internal.runners.JUnit38ClassRunner.run(JUnit38ClassRunner.java:83)
	at org.apache.maven.surefire.junit4.JUnit4TestSet.execute(JUnit4TestSet.java:53)
	at org.apache.maven.surefire.junit4.JUnit4Provider.executeTestSet(JUnit4Provider.java:119)
	at org.apache.maven.surefire.junit4.JUnit4Provider.invoke(JUnit4Provider.java:101)
	at sun.reflect.NativeMethodAccessorImpl.invoke0(Native Method)
	at sun.reflect.NativeMethodAccessorImpl.invoke(NativeMethodAccessorImpl.java:62)
	at sun.reflect.DelegatingMethodAccessorImpl.invoke(DelegatingMethodAccessorImpl.java:43)
	at java.lang.reflect.Method.invoke(Method.java:498)
	at org.apache.maven.surefire.booter.ProviderFactory$ClassLoaderProxy.invoke(ProviderFactory.java:103)
	at com.sun.proxy.$Proxy0.invoke(Unknown Source)
	at org.apache.maven.surefire.booter.SurefireStarter.invokeProvider(SurefireStarter.java:150)
	at org.apache.maven.surefire.booter.SurefireStarter.runSuitesInProcess(SurefireStarter.java:91)
	at org.apache.maven.surefire.booter.ForkedBooter.main(ForkedBooter.java:69)
</error>
  </testcase>
  <testcase classname="org.apache.ftpserver.ssl.MinaExplicitSSLTest" name="testStoreWithProtPInActiveMode" time="0.009">
    <error message="No appropriate protocol (protocol is disabled or cipher suites are inappropriate)" type="javax.net.ssl.SSLHandshakeException">javax.net.ssl.SSLHandshakeException: No appropriate protocol (protocol is disabled or cipher suites are inappropriate)
	at sun.security.ssl.Handshaker.activate(Handshaker.java:503)
	at sun.security.ssl.SSLSocketImpl.kickstartHandshake(SSLSocketImpl.java:1492)
	at sun.security.ssl.SSLSocketImpl.performInitialHandshake(SSLSocketImpl.java:1361)
	at sun.security.ssl.SSLSocketImpl.startHandshake(SSLSocketImpl.java:1413)
	at sun.security.ssl.SSLSocketImpl.startHandshake(SSLSocketImpl.java:1397)
	at org.apache.commons.net.ftp.FTPSClient.sslNegotiation(FTPSClient.java:240)
	at org.apache.commons.net.ftp.FTPSClient._connectAction_(FTPSClient.java:171)
	at org.apache.commons.net.SocketClient.connect(SocketClient.java:178)
	at org.apache.ftpserver.clienttests.ClientTestTemplate.doConnect(ClientTestTemplate.java:191)
	at org.apache.ftpserver.clienttests.ClientTestTemplate.connectClient(ClientTestTemplate.java:185)
	at org.apache.ftpserver.clienttests.ClientTestTemplate.setUp(ClientTestTemplate.java:127)
	at org.apache.ftpserver.ssl.ExplicitSecurityTestTemplate.setUp(ExplicitSecurityTestTemplate.java:45)
	at junit.framework.TestCase.runBare(TestCase.java:132)
	at junit.framework.TestResult$1.protect(TestResult.java:110)
	at junit.framework.TestResult.runProtected(TestResult.java:128)
	at junit.framework.TestResult.run(TestResult.java:113)
	at junit.framework.TestCase.run(TestCase.java:124)
	at junit.framework.TestSuite.runTest(TestSuite.java:243)
	at junit.framework.TestSuite.run(TestSuite.java:238)
	at org.junit.internal.runners.JUnit38ClassRunner.run(JUnit38ClassRunner.java:83)
	at org.apache.maven.surefire.junit4.JUnit4TestSet.execute(JUnit4TestSet.java:53)
	at org.apache.maven.surefire.junit4.JUnit4Provider.executeTestSet(JUnit4Provider.java:119)
	at org.apache.maven.surefire.junit4.JUnit4Provider.invoke(JUnit4Provider.java:101)
	at sun.reflect.NativeMethodAccessorImpl.invoke0(Native Method)
	at sun.reflect.NativeMethodAccessorImpl.invoke(NativeMethodAccessorImpl.java:62)
	at sun.reflect.DelegatingMethodAccessorImpl.invoke(DelegatingMethodAccessorImpl.java:43)
	at java.lang.reflect.Method.invoke(Method.java:498)
	at org.apache.maven.surefire.booter.ProviderFactory$ClassLoaderProxy.invoke(ProviderFactory.java:103)
	at com.sun.proxy.$Proxy0.invoke(Unknown Source)
	at org.apache.maven.surefire.booter.SurefireStarter.invokeProvider(SurefireStarter.java:150)
	at org.apache.maven.surefire.booter.SurefireStarter.runSuitesInProcess(SurefireStarter.java:91)
	at org.apache.maven.surefire.booter.ForkedBooter.main(ForkedBooter.java:69)
</error>
  </testcase>
  <testcase classname="org.apache.ftpserver.ssl.MinaExplicitSSLTest" name="testStoreWithProtPAndReturnToProtCInActiveMode" time="0.006">
    <error message="No appropriate protocol (protocol is disabled or cipher suites are inappropriate)" type="javax.net.ssl.SSLHandshakeException">javax.net.ssl.SSLHandshakeException: No appropriate protocol (protocol is disabled or cipher suites are inappropriate)
	at sun.security.ssl.Handshaker.activate(Handshaker.java:503)
	at sun.security.ssl.SSLSocketImpl.kickstartHandshake(SSLSocketImpl.java:1492)
	at sun.security.ssl.SSLSocketImpl.performInitialHandshake(SSLSocketImpl.java:1361)
	at sun.security.ssl.SSLSocketImpl.startHandshake(SSLSocketImpl.java:1413)
	at sun.security.ssl.SSLSocketImpl.startHandshake(SSLSocketImpl.java:1397)
	at org.apache.commons.net.ftp.FTPSClient.sslNegotiation(FTPSClient.java:240)
	at org.apache.commons.net.ftp.FTPSClient._connectAction_(FTPSClient.java:171)
	at org.apache.commons.net.SocketClient.connect(SocketClient.java:178)
	at org.apache.ftpserver.clienttests.ClientTestTemplate.doConnect(ClientTestTemplate.java:191)
	at org.apache.ftpserver.clienttests.ClientTestTemplate.connectClient(ClientTestTemplate.java:185)
	at org.apache.ftpserver.clienttests.ClientTestTemplate.setUp(ClientTestTemplate.java:127)
	at org.apache.ftpserver.ssl.ExplicitSecurityTestTemplate.setUp(ExplicitSecurityTestTemplate.java:45)
	at junit.framework.TestCase.runBare(TestCase.java:132)
	at junit.framework.TestResult$1.protect(TestResult.java:110)
	at junit.framework.TestResult.runProtected(TestResult.java:128)
	at junit.framework.TestResult.run(TestResult.java:113)
	at junit.framework.TestCase.run(TestCase.java:124)
	at junit.framework.TestSuite.runTest(TestSuite.java:243)
	at junit.framework.TestSuite.run(TestSuite.java:238)
	at org.junit.internal.runners.JUnit38ClassRunner.run(JUnit38ClassRunner.java:83)
	at org.apache.maven.surefire.junit4.JUnit4TestSet.execute(JUnit4TestSet.java:53)
	at org.apache.maven.surefire.junit4.JUnit4Provider.executeTestSet(JUnit4Provider.java:119)
	at org.apache.maven.surefire.junit4.JUnit4Provider.invoke(JUnit4Provider.java:101)
	at sun.reflect.NativeMethodAccessorImpl.invoke0(Native Method)
	at sun.reflect.NativeMethodAccessorImpl.invoke(NativeMethodAccessorImpl.java:62)
	at sun.reflect.DelegatingMethodAccessorImpl.invoke(DelegatingMethodAccessorImpl.java:43)
	at java.lang.reflect.Method.invoke(Method.java:498)
	at org.apache.maven.surefire.booter.ProviderFactory$ClassLoaderProxy.invoke(ProviderFactory.java:103)
	at com.sun.proxy.$Proxy0.invoke(Unknown Source)
	at org.apache.maven.surefire.booter.SurefireStarter.invokeProvider(SurefireStarter.java:150)
	at org.apache.maven.surefire.booter.SurefireStarter.runSuitesInProcess(SurefireStarter.java:91)
	at org.apache.maven.surefire.booter.ForkedBooter.main(ForkedBooter.java:69)
</error>
  </testcase>
  <testcase classname="org.apache.ftpserver.ssl.MinaExplicitSSLTest" name="testListEmptyDir" time="0.011">
    <error message="No appropriate protocol (protocol is disabled or cipher suites are inappropriate)" type="javax.net.ssl.SSLHandshakeException">javax.net.ssl.SSLHandshakeException: No appropriate protocol (protocol is disabled or cipher suites are inappropriate)
	at sun.security.ssl.Handshaker.activate(Handshaker.java:503)
	at sun.security.ssl.SSLSocketImpl.kickstartHandshake(SSLSocketImpl.java:1492)
	at sun.security.ssl.SSLSocketImpl.performInitialHandshake(SSLSocketImpl.java:1361)
	at sun.security.ssl.SSLSocketImpl.startHandshake(SSLSocketImpl.java:1413)
	at sun.security.ssl.SSLSocketImpl.startHandshake(SSLSocketImpl.java:1397)
	at org.apache.commons.net.ftp.FTPSClient.sslNegotiation(FTPSClient.java:240)
	at org.apache.commons.net.ftp.FTPSClient._connectAction_(FTPSClient.java:171)
	at org.apache.commons.net.SocketClient.connect(SocketClient.java:178)
	at org.apache.ftpserver.clienttests.ClientTestTemplate.doConnect(ClientTestTemplate.java:191)
	at org.apache.ftpserver.clienttests.ClientTestTemplate.connectClient(ClientTestTemplate.java:185)
	at org.apache.ftpserver.clienttests.ClientTestTemplate.setUp(ClientTestTemplate.java:127)
	at org.apache.ftpserver.ssl.ExplicitSecurityTestTemplate.setUp(ExplicitSecurityTestTemplate.java:45)
	at junit.framework.TestCase.runBare(TestCase.java:132)
	at junit.framework.TestResult$1.protect(TestResult.java:110)
	at junit.framework.TestResult.runProtected(TestResult.java:128)
	at junit.framework.TestResult.run(TestResult.java:113)
	at junit.framework.TestCase.run(TestCase.java:124)
	at junit.framework.TestSuite.runTest(TestSuite.java:243)
	at junit.framework.TestSuite.run(TestSuite.java:238)
	at org.junit.internal.runners.JUnit38ClassRunner.run(JUnit38ClassRunner.java:83)
	at org.apache.maven.surefire.junit4.JUnit4TestSet.execute(JUnit4TestSet.java:53)
	at org.apache.maven.surefire.junit4.JUnit4Provider.executeTestSet(JUnit4Provider.java:119)
	at org.apache.maven.surefire.junit4.JUnit4Provider.invoke(JUnit4Provider.java:101)
	at sun.reflect.NativeMethodAccessorImpl.invoke0(Native Method)
	at sun.reflect.NativeMethodAccessorImpl.invoke(NativeMethodAccessorImpl.java:62)
	at sun.reflect.DelegatingMethodAccessorImpl.invoke(DelegatingMethodAccessorImpl.java:43)
	at java.lang.reflect.Method.invoke(Method.java:498)
	at org.apache.maven.surefire.booter.ProviderFactory$ClassLoaderProxy.invoke(ProviderFactory.java:103)
	at com.sun.proxy.$Proxy0.invoke(Unknown Source)
	at org.apache.maven.surefire.booter.SurefireStarter.invokeProvider(SurefireStarter.java:150)
	at org.apache.maven.surefire.booter.SurefireStarter.runSuitesInProcess(SurefireStarter.java:91)
	at org.apache.maven.surefire.booter.ForkedBooter.main(ForkedBooter.java:69)
</error>
  </testcase>
  <testcase classname="org.apache.ftpserver.ssl.MinaExplicitSSLTest" name="testReceiveEmptyFile" time="0.009">
    <error message="No appropriate protocol (protocol is disabled or cipher suites are inappropriate)" type="javax.net.ssl.SSLHandshakeException">javax.net.ssl.SSLHandshakeException: No appropriate protocol (protocol is disabled or cipher suites are inappropriate)
	at sun.security.ssl.Handshaker.activate(Handshaker.java:503)
	at sun.security.ssl.SSLSocketImpl.kickstartHandshake(SSLSocketImpl.java:1492)
	at sun.security.ssl.SSLSocketImpl.performInitialHandshake(SSLSocketImpl.java:1361)
	at sun.security.ssl.SSLSocketImpl.startHandshake(SSLSocketImpl.java:1413)
	at sun.security.ssl.SSLSocketImpl.startHandshake(SSLSocketImpl.java:1397)
	at org.apache.commons.net.ftp.FTPSClient.sslNegotiation(FTPSClient.java:240)
	at org.apache.commons.net.ftp.FTPSClient._connectAction_(FTPSClient.java:171)
	at org.apache.commons.net.SocketClient.connect(SocketClient.java:178)
	at org.apache.ftpserver.clienttests.ClientTestTemplate.doConnect(ClientTestTemplate.java:191)
	at org.apache.ftpserver.clienttests.ClientTestTemplate.connectClient(ClientTestTemplate.java:185)
	at org.apache.ftpserver.clienttests.ClientTestTemplate.setUp(ClientTestTemplate.java:127)
	at org.apache.ftpserver.ssl.ExplicitSecurityTestTemplate.setUp(ExplicitSecurityTestTemplate.java:45)
	at junit.framework.TestCase.runBare(TestCase.java:132)
	at junit.framework.TestResult$1.protect(TestResult.java:110)
	at junit.framework.TestResult.runProtected(TestResult.java:128)
	at junit.framework.TestResult.run(TestResult.java:113)
	at junit.framework.TestCase.run(TestCase.java:124)
	at junit.framework.TestSuite.runTest(TestSuite.java:243)
	at junit.framework.TestSuite.run(TestSuite.java:238)
	at org.junit.internal.runners.JUnit38ClassRunner.run(JUnit38ClassRunner.java:83)
	at org.apache.maven.surefire.junit4.JUnit4TestSet.execute(JUnit4TestSet.java:53)
	at org.apache.maven.surefire.junit4.JUnit4Provider.executeTestSet(JUnit4Provider.java:119)
	at org.apache.maven.surefire.junit4.JUnit4Provider.invoke(JUnit4Provider.java:101)
	at sun.reflect.NativeMethodAccessorImpl.invoke0(Native Method)
	at sun.reflect.NativeMethodAccessorImpl.invoke(NativeMethodAccessorImpl.java:62)
	at sun.reflect.DelegatingMethodAccessorImpl.invoke(DelegatingMethodAccessorImpl.java:43)
	at java.lang.reflect.Method.invoke(Method.java:498)
	at org.apache.maven.surefire.booter.ProviderFactory$ClassLoaderProxy.invoke(ProviderFactory.java:103)
	at com.sun.proxy.$Proxy0.invoke(Unknown Source)
	at org.apache.maven.surefire.booter.SurefireStarter.invokeProvider(SurefireStarter.java:150)
	at org.apache.maven.surefire.booter.SurefireStarter.runSuitesInProcess(SurefireStarter.java:91)
	at org.apache.maven.surefire.booter.ForkedBooter.main(ForkedBooter.java:69)
</error>
  </testcase>
</testsuite>