<?xml version="1.0" encoding="UTF-8" ?>
<testsuite tests="10" failures="0" name="org.apache.ftpserver.util.SocketAddressEncoderTest" time="0.005" errors="0" skipped="0">
  <properties>
[...]
</properties>
  <testcase classname="org.apache.ftpserver.util.SocketAddressEncoderTest" name="testEncodeLowPort" time="0"/>
  <testcase classname="org.apache.ftpserver.util.SocketAddressEncoderTest" name="testEncodeHighPort" time="0"/>
  <testcase classname="org.apache.ftpserver.util.SocketAddressEncoderTest" name="testEncodeIpNumber" time="0"/>
  <testcase classname="org.apache.ftpserver.util.SocketAddressEncoderTest" name="testDecodeLowPort" time="0"/>
  <testcase classname="org.apache.ftpserver.util.SocketAddressEncoderTest" name="testDecodeHighPort" time="0"/>
  <testcase classname="org.apache.ftpserver.util.SocketAddressEncoderTest" name="testDecodeTooFewTokens" time="0"/>
  <testcase classname="org.apache.ftpserver.util.SocketAddressEncoderTest" name="testDecodeTooManyTokens" time="0"/>
  <testcase classname="org.apache.ftpserver.util.SocketAddressEncoderTest" name="testDecodeToHighPort" time="0"/>
  <testcase classname="org.apache.ftpserver.util.SocketAddressEncoderTest" name="testDecodeIPTokenNotANumber" time="0"/>
  <testcase classname="org.apache.ftpserver.util.SocketAddressEncoderTest" name="testDecodePortTokenNotANumber" time="0"/>
</testsuite>